<?xml version="1.0" encoding="UTF-8"?>
<!-- Generated by org.testng.reporters.JUnitReportReporter -->
<testsuite hostname="DESKTOP-3F75N2A" failures="0" tests="1" name="Jenkins.maven.Intialize" time="4.523" errors="0" timestamp="2024-07-07T17:35:51 IST" skipped="0">
  <testcase classname="Jenkins.maven.Intialize" name="launchBrowser" time="4.523"/>
</testsuite> <!-- Jenkins.maven.Intialize -->
